<?xml version="1.0" encoding="UTF-8"?>
<testsuite xmlns:xsi="http://www.w3.org/2001/XMLSchema-instance" xsi:noNamespaceSchemaLocation="https://maven.apache.org/surefire/maven-surefire-plugin/xsd/surefire-test-report.xsd" name="org.example.AppTest" time="0.037" tests="1" errors="0" skipped="0" failures="0">
  <properties>
    <property name="sun.desktop" value="windows"/>
    <property name="awt.toolkit" value="sun.awt.windows.WToolkit"/>
    <property name="file.encoding.pkg" value="sun.io"/>
    <property name="java.specification.version" value="1.8"/>
    <property name="sun.cpu.isalist" value="amd64"/>
    <property name="sun.jnu.encoding" value="Cp1252"/>
    <property name="java.class.path" value="C:\DLTE-Java-Full-Stack-Development\DLTE-Live Coding\DLTE-DAO\target\test-classes;C:\DLTE-Java-Full-Stack-Development\DLTE-Live Coding\DLTE-DAO\target\classes;C:\Users\shettgou\.m2\repository\org\projectlombok\lombok\1.18.26\lombok-1.18.26.jar;C:\Users\shettgou\.m2\repository\com\oracle\database\jdbc\ojdbc8\12.2.0.1\ojdbc8-12.2.0.1.jar;C:\Users\shettgou\.m2\repository\com\oracle\database\jdbc\ucp\12.2.0.1\ucp-12.2.0.1.jar;C:\Users\shettgou\.m2\repository\com\oracle\database\security\oraclepki\12.2.0.1\oraclepki-12.2.0.1.jar;C:\Users\shettgou\.m2\repository\com\oracle\database\security\osdt_cert\12.2.0.1\osdt_cert-12.2.0.1.jar;C:\Users\shettgou\.m2\repository\com\oracle\database\security\osdt_core\12.2.0.1\osdt_core-12.2.0.1.jar;C:\Users\shettgou\.m2\repository\com\oracle\database\ha\simplefan\12.2.0.1\simplefan-12.2.0.1.jar;C:\Users\shettgou\.m2\repository\com\oracle\database\ha\ons\12.2.0.1\ons-12.2.0.1.jar;C:\Users\shettgou\.m2\repository\junit\junit\4.11\junit-4.11.jar;C:\Users\shettgou\.m2\repository\org\hamcrest\hamcrest-core\1.3\hamcrest-core-1.3.jar;"/>
    <property name="java.vm.vendor" value="Red Hat, Inc."/>
    <property name="sun.arch.data.model" value="64"/>
    <property name="user.variant" value=""/>
    <property name="java.vendor.url" value="https://developers.redhat.com/"/>
    <property name="user.timezone" value="Asia/Calcutta"/>
    <property name="java.vm.specification.version" value="1.8"/>
    <property name="os.name" value="Windows 10"/>
    <property name="user.country" value="US"/>
    <property name="sun.java.launcher" value="SUN_STANDARD"/>
    <property name="sun.boot.library.path" value="C:\Java\java8\jre\bin"/>
    <property name="sun.java.command" value="C:\Users\shettgou\AppData\Local\Temp\surefire4887951702573505708\surefirebooter4298487418465307572.jar C:\Users\shettgou\AppData\Local\Temp\surefire4887951702573505708 2023-03-29T11-32-11_194-jvmRun1 surefire312495961841909335tmp surefire_04379504821217077449tmp"/>
    <property name="surefire.test.class.path" value="C:\DLTE-Java-Full-Stack-Development\DLTE-Live Coding\DLTE-DAO\target\test-classes;C:\DLTE-Java-Full-Stack-Development\DLTE-Live Coding\DLTE-DAO\target\classes;C:\Users\shettgou\.m2\repository\org\projectlombok\lombok\1.18.26\lombok-1.18.26.jar;C:\Users\shettgou\.m2\repository\com\oracle\database\jdbc\ojdbc8\12.2.0.1\ojdbc8-12.2.0.1.jar;C:\Users\shettgou\.m2\repository\com\oracle\database\jdbc\ucp\12.2.0.1\ucp-12.2.0.1.jar;C:\Users\shettgou\.m2\repository\com\oracle\database\security\oraclepki\12.2.0.1\oraclepki-12.2.0.1.jar;C:\Users\shettgou\.m2\repository\com\oracle\database\security\osdt_cert\12.2.0.1\osdt_cert-12.2.0.1.jar;C:\Users\shettgou\.m2\repository\com\oracle\database\security\osdt_core\12.2.0.1\osdt_core-12.2.0.1.jar;C:\Users\shettgou\.m2\repository\com\oracle\database\ha\simplefan\12.2.0.1\simplefan-12.2.0.1.jar;C:\Users\shettgou\.m2\repository\com\oracle\database\ha\ons\12.2.0.1\ons-12.2.0.1.jar;C:\Users\shettgou\.m2\repository\junit\junit\4.11\junit-4.11.jar;C:\Users\shettgou\.m2\repository\org\hamcrest\hamcrest-core\1.3\hamcrest-core-1.3.jar;"/>
    <property name="sun.cpu.endian" value="little"/>
    <property name="user.home" value="C:\Users\shettgou"/>
    <property name="user.language" value="en"/>
    <property name="java.specification.vendor" value="Oracle Corporation"/>
    <property name="java.home" value="C:\Java\java8\jre"/>
    <property name="basedir" value="C:\DLTE-Java-Full-Stack-Development\DLTE-Live Coding\DLTE-DAO"/>
    <property name="file.separator" value="\"/>
    <property name="line.separator" value="&#10;"/>
    <property name="java.vm.specification.vendor" value="Oracle Corporation"/>
    <property name="java.specification.name" value="Java Platform API Specification"/>
    <property name="java.awt.graphicsenv" value="sun.awt.Win32GraphicsEnvironment"/>
    <property name="surefire.real.class.path" value="C:\Users\shettgou\AppData\Local\Temp\surefire4887951702573505708\surefirebooter4298487418465307572.jar"/>
    <property name="sun.boot.class.path" value="C:\Java\java8\jre\lib\resources.jar;C:\Java\java8\jre\lib\rt.jar;C:\Java\java8\jre\lib\sunrsasign.jar;C:\Java\java8\jre\lib\jsse.jar;C:\Java\java8\jre\lib\jce.jar;C:\Java\java8\jre\lib\charsets.jar;C:\Java\java8\jre\lib\jfr.jar;C:\Java\java8\jre\classes"/>
    <property name="user.script" value=""/>
    <property name="sun.management.compiler" value="HotSpot 64-Bit Tiered Compilers"/>
    <property name="java.runtime.version" value="1.8.0_292-b10"/>
    <property name="user.name" value="xxshetug"/>
    <property name="path.separator" value=";"/>
    <property name="os.version" value="10.0"/>
    <property name="java.endorsed.dirs" value="C:\Java\java8\jre\lib\endorsed"/>
    <property name="java.runtime.name" value="OpenJDK Runtime Environment"/>
    <property name="file.encoding" value="Cp1252"/>
    <property name="java.vm.name" value="OpenJDK 64-Bit Server VM"/>
    <property name="localRepository" value="C:\Users\shettgou\.m2\repository"/>
    <property name="java.vendor.url.bug" value="https://bugzilla.redhat.com/enter_bug.cgi"/>
    <property name="java.io.tmpdir" value="C:\Users\shettgou\AppData\Local\Temp\"/>
    <property name="java.version" value="1.8.0_292"/>
    <property name="user.dir" value="C:\DLTE-Java-Full-Stack-Development\DLTE-Live Coding\DLTE-DAO"/>
    <property name="os.arch" value="amd64"/>
    <property name="java.vm.specification.name" value="Java Virtual Machine Specification"/>
    <property name="java.awt.printerjob" value="sun.awt.windows.WPrinterJob"/>
    <property name="sun.os.patch.level" value=""/>
    <property name="java.library.path" value="C:\Java\java8\jre\bin;C:\Windows\Sun\Java\bin;C:\Windows\system32;C:\Windows;C:\oraclexe\app\oracle\product\11.2.0\server\bin;C:\Windows\system32;C:\Windows;C:\Windows\System32\Wbem;C:\Windows\System32\WindowsPowerShell\v1.0\;C:\Windows\System32\OpenSSH\;C:\Java\java8\bin;C:\Java\java8\jre\bin;C:\Program Files\Git\cmd;C:\apache-activemq-5.16.6\bin;C:\apache-maven-3.9.1\bin;C:\Users\shettgou\AppData\Local\Microsoft\WindowsApps;C:\Users\shettgou\AppData\Local\Programs\Microsoft VS Code\bin;C:\Users\shettgou\AppData\Local\GitHubDesktop\bin;."/>
    <property name="java.vm.info" value="mixed mode"/>
    <property name="java.vendor" value="Red Hat, Inc."/>
    <property name="java.vm.version" value="25.292-b10"/>
    <property name="java.ext.dirs" value="C:\Java\java8\jre\lib\ext;C:\Windows\Sun\Java\lib\ext"/>
    <property name="sun.io.unicode.encoding" value="UnicodeLittle"/>
    <property name="java.class.version" value="52.0"/>
  </properties>
  <testcase name="shouldAnswerWithTrue" classname="org.example.AppTest" time="0.003"/>
</testsuite>